<?xml version="1.0" encoding="UTF-8"?>
<!-- Generated by org.testng.reporters.JUnitXMLReporter -->
<testsuite ignored="0" hostname="DESKTOP-9NGQBQ3" failures="0" tests="4" name="Default test" time="9.51" errors="0" timestamp="2024-05-30T08:09:36 ICT">
  <testcase classname="TestFunction.Login" name="loginByUser" time="0.846"/>
  <testcase classname="TestFunction.Login" name="loginWrongEmail" time="0.347"/>
  <testcase classname="TestFunction.Login" name="loginWrongPassword" time="0.923"/>
  <testcase classname="TestFunction.Login" name="loginWithBlankField" time="0.496"/>
</testsuite> <!-- Default test -->
