<?xml version="1.0" encoding="UTF-8"?>
<testng-results ignored="0" total="4" passed="4" failed="0" skipped="0">
  <reporter-output>
  </reporter-output>
  <suite started-at="2024-05-30T08:09:27 ICT" name="Default suite" finished-at="2024-05-30T08:09:36 ICT" duration-ms="9510">
    <groups>
    </groups>
    <test started-at="2024-05-30T08:09:27 ICT" name="Default test" finished-at="2024-05-30T08:09:36 ICT" duration-ms="9510">
      <class name="TestFunction.Login">
        <test-method is-config="true" signature="setUp()[pri:0, instance:TestFunction.Login@52045dbe]" started-at="2024-05-30T08:09:27 ICT" name="setUp" finished-at="2024-05-30T08:09:29 ICT" duration-ms="2384" status="PASS">
          <reporter-output>
          </reporter-output>
        </test-method> <!-- setUp -->
        <test-method signature="loginByUser()[pri:1, instance:TestFunction.Login@52045dbe]" started-at="2024-05-30T08:09:29 ICT" name="loginByUser" finished-at="2024-05-30T08:09:30 ICT" duration-ms="846" status="PASS">
          <reporter-output>
          </reporter-output>
        </test-method> <!-- loginByUser -->
        <test-method is-config="true" signature="tearDown()[pri:0, instance:TestFunction.Login@52045dbe]" started-at="2024-05-30T08:09:30 ICT" name="tearDown" finished-at="2024-05-30T08:09:30 ICT" duration-ms="203" status="PASS">
          <reporter-output>
          </reporter-output>
        </test-method> <!-- tearDown -->
        <test-method is-config="true" signature="setUp()[pri:0, instance:TestFunction.Login@52045dbe]" started-at="2024-05-30T08:09:30 ICT" name="setUp" finished-at="2024-05-30T08:09:32 ICT" duration-ms="1272" status="PASS">
          <reporter-output>
          </reporter-output>
        </test-method> <!-- setUp -->
        <test-method signature="loginWrongEmail()[pri:2, instance:TestFunction.Login@52045dbe]" started-at="2024-05-30T08:09:32 ICT" name="loginWrongEmail" finished-at="2024-05-30T08:09:32 ICT" duration-ms="347" status="PASS">
          <reporter-output>
          </reporter-output>
        </test-method> <!-- loginWrongEmail -->
        <test-method is-config="true" signature="tearDown()[pri:0, instance:TestFunction.Login@52045dbe]" started-at="2024-05-30T08:09:32 ICT" name="tearDown" finished-at="2024-05-30T08:09:32 ICT" duration-ms="193" status="PASS">
          <reporter-output>
          </reporter-output>
        </test-method> <!-- tearDown -->
        <test-method is-config="true" signature="setUp()[pri:0, instance:TestFunction.Login@52045dbe]" started-at="2024-05-30T08:09:32 ICT" name="setUp" finished-at="2024-05-30T08:09:33 ICT" duration-ms="1203" status="PASS">
          <reporter-output>
          </reporter-output>
        </test-method> <!-- setUp -->
        <test-method signature="loginWrongPassword()[pri:3, instance:TestFunction.Login@52045dbe]" started-at="2024-05-30T08:09:33 ICT" name="loginWrongPassword" finished-at="2024-05-30T08:09:34 ICT" duration-ms="923" status="PASS">
          <reporter-output>
          </reporter-output>
        </test-method> <!-- loginWrongPassword -->
        <test-method is-config="true" signature="tearDown()[pri:0, instance:TestFunction.Login@52045dbe]" started-at="2024-05-30T08:09:34 ICT" name="tearDown" finished-at="2024-05-30T08:09:34 ICT" duration-ms="205" status="PASS">
          <reporter-output>
          </reporter-output>
        </test-method> <!-- tearDown -->
        <test-method is-config="true" signature="setUp()[pri:0, instance:TestFunction.Login@52045dbe]" started-at="2024-05-30T08:09:34 ICT" name="setUp" finished-at="2024-05-30T08:09:36 ICT" duration-ms="1177" status="PASS">
          <reporter-output>
          </reporter-output>
        </test-method> <!-- setUp -->
        <test-method signature="loginWithBlankField()[pri:4, instance:TestFunction.Login@52045dbe]" started-at="2024-05-30T08:09:36 ICT" name="loginWithBlankField" finished-at="2024-05-30T08:09:36 ICT" duration-ms="496" status="PASS">
          <reporter-output>
          </reporter-output>
        </test-method> <!-- loginWithBlankField -->
        <test-method is-config="true" signature="tearDown()[pri:0, instance:TestFunction.Login@52045dbe]" started-at="2024-05-30T08:09:36 ICT" name="tearDown" finished-at="2024-05-30T08:09:36 ICT" duration-ms="197" status="PASS">
          <reporter-output>
          </reporter-output>
        </test-method> <!-- tearDown -->
      </class> <!-- TestFunction.Login -->
    </test> <!-- Default test -->
  </suite> <!-- Default suite -->
</testng-results>
